[2021-07-28T09:03:16.951] [DEBUG] cheese - login => username:zs,password:123456
[2021-07-28T09:03:16.952] [DEBUG] cheese - zs
[2021-07-28T09:03:16.960] [DEBUG] cheese - null
[2021-07-28T09:03:16.961] [DEBUG] cheese - null
[2021-07-28T09:03:40.151] [DEBUG] cheese - login => username:admin,password:123456
[2021-07-28T09:03:40.151] [DEBUG] cheese - admin
[2021-07-28T09:03:40.160] [DEBUG] cheese - null
[2021-07-28T09:03:40.160] [DEBUG] cheese - null
[2021-07-29T08:47:05.775] [DEBUG] cheese - login => username:111,password:123111
[2021-07-29T08:47:05.776] [DEBUG] cheese - 111
[2021-07-29T08:47:05.816] [DEBUG] cheese - null
[2021-07-29T08:47:05.817] [DEBUG] cheese - null
[2021-07-29T08:48:19.463] [DEBUG] cheese - login => username:111,password:123111
[2021-07-29T08:48:19.464] [DEBUG] cheese - 111
[2021-07-29T08:48:19.467] [DEBUG] cheese - null
[2021-07-29T08:48:19.468] [DEBUG] cheese - null
[2021-07-29T08:49:47.868] [DEBUG] cheese - login => username:111,password:12311111
[2021-07-29T08:49:47.868] [DEBUG] cheese - 111
[2021-07-29T08:49:47.871] [DEBUG] cheese - null
[2021-07-29T08:49:47.871] [DEBUG] cheese - null
[2021-07-29T08:52:28.637] [DEBUG] cheese - login => username:111,password:1234444
[2021-07-29T08:52:28.637] [DEBUG] cheese - 111
[2021-07-29T08:52:28.645] [DEBUG] cheese - null
[2021-07-29T08:52:28.645] [DEBUG] cheese - null
[2021-07-29T08:53:23.270] [DEBUG] cheese - login => username:111,password:123111
[2021-07-29T08:53:23.270] [DEBUG] cheese - 111
[2021-07-29T08:53:23.275] [DEBUG] cheese - null
[2021-07-29T08:53:23.276] [DEBUG] cheese - null
[2021-07-29T08:53:31.907] [DEBUG] cheese - login => username:admin,password:123456
[2021-07-29T08:53:31.908] [DEBUG] cheese - admin
[2021-07-29T08:53:31.913] [DEBUG] cheese - null
[2021-07-29T08:53:31.913] [DEBUG] cheese - null
[2021-07-29T09:04:00.721] [DEBUG] cheese - login => username:111,password:123ddd
[2021-07-29T09:04:00.722] [DEBUG] cheese - 111
[2021-07-29T09:04:00.726] [DEBUG] cheese - null
[2021-07-29T09:04:00.726] [DEBUG] cheese - null
[2021-07-29T09:04:09.124] [DEBUG] cheese - login => username:admin,password:123456
[2021-07-29T09:04:09.124] [DEBUG] cheese - admin
[2021-07-29T09:04:09.127] [DEBUG] cheese - null
[2021-07-29T09:04:09.127] [DEBUG] cheese - null
[2021-07-29T09:10:32.178] [DEBUG] cheese - login => username:admin,password:123456
[2021-07-29T09:10:32.178] [DEBUG] cheese - admin
[2021-07-29T09:10:32.183] [DEBUG] cheese - null
[2021-07-29T09:10:32.183] [DEBUG] cheese - null
[2021-07-29T09:11:02.424] [DEBUG] cheese - login => username:admin,password:123456
[2021-07-29T09:11:02.424] [DEBUG] cheese - admin
[2021-07-29T09:11:02.429] [DEBUG] cheese - null
[2021-07-29T09:11:02.430] [DEBUG] cheese - null
[2021-07-29T09:13:36.339] [DEBUG] cheese - login => username:admin,password:123456
[2021-07-29T09:13:36.339] [DEBUG] cheese - admin
[2021-07-29T09:13:36.346] [DEBUG] cheese - null
[2021-07-29T09:13:36.346] [DEBUG] cheese - null
[2021-07-29T09:14:34.703] [DEBUG] cheese - login => username:admin,password:123456
[2021-07-29T09:14:34.703] [DEBUG] cheese - admin
[2021-07-29T09:14:34.706] [DEBUG] cheese - null
[2021-07-29T09:14:34.706] [DEBUG] cheese - null
[2021-07-29T22:03:58.773] [DEBUG] cheese - login => username:admin,password:123456
[2021-07-29T22:03:58.773] [DEBUG] cheese - admin
[2021-07-29T22:03:58.780] [DEBUG] cheese - null
[2021-07-29T22:03:58.781] [DEBUG] cheese - null
[2021-07-29T22:06:57.705] [DEBUG] cheese - login => username:admin,password:123456
[2021-07-29T22:06:57.705] [DEBUG] cheese - admin
[2021-07-29T22:06:57.709] [DEBUG] cheese - null
[2021-07-29T22:06:57.710] [DEBUG] cheese - null
[2021-07-29T22:07:28.636] [DEBUG] cheese - login => username:admin,password:123456
[2021-07-29T22:07:28.636] [DEBUG] cheese - admin
[2021-07-29T22:07:28.640] [DEBUG] cheese - null
[2021-07-29T22:07:28.640] [DEBUG] cheese - null
[2021-07-29T22:08:52.382] [DEBUG] cheese - login => username:admin,password:123456
[2021-07-29T22:08:52.383] [DEBUG] cheese - admin
[2021-07-29T22:08:52.386] [DEBUG] cheese - null
[2021-07-29T22:08:52.386] [DEBUG] cheese - null
[2021-07-29T22:09:13.644] [DEBUG] cheese - login => username:admin,password:123456
[2021-07-29T22:09:13.644] [DEBUG] cheese - admin
[2021-07-29T22:09:13.647] [DEBUG] cheese - null
[2021-07-29T22:09:13.647] [DEBUG] cheese - null
[2021-07-29T22:09:24.567] [DEBUG] cheese - login => username:admin,password:123456
[2021-07-29T22:09:24.567] [DEBUG] cheese - admin
[2021-07-29T22:09:24.571] [DEBUG] cheese - null
[2021-07-29T22:09:24.572] [DEBUG] cheese - null
[2021-07-29T22:11:49.907] [DEBUG] cheese - login => username:admin,password:123456
[2021-07-29T22:11:49.907] [DEBUG] cheese - admin
[2021-07-29T22:11:49.909] [DEBUG] cheese - null
[2021-07-29T22:11:49.910] [DEBUG] cheese - null
[2021-07-29T22:13:43.252] [DEBUG] cheese - login => username:admin,password:123456
[2021-07-29T22:13:43.252] [DEBUG] cheese - admin
[2021-07-29T22:13:43.255] [DEBUG] cheese - null
[2021-07-29T22:13:43.255] [DEBUG] cheese - null
[2021-07-29T22:14:05.044] [DEBUG] cheese - login => username:admin,password:123456
[2021-07-29T22:14:05.044] [DEBUG] cheese - admin
[2021-07-29T22:14:05.046] [DEBUG] cheese - null
[2021-07-29T22:14:05.047] [DEBUG] cheese - null
[2021-07-29T22:14:14.744] [DEBUG] cheese - login => username:admin,password:123456
[2021-07-29T22:14:14.744] [DEBUG] cheese - admin
[2021-07-29T22:14:14.747] [DEBUG] cheese - null
[2021-07-29T22:14:14.747] [DEBUG] cheese - null
[2021-07-29T22:16:28.292] [DEBUG] cheese - login => username:admin,password:123456
[2021-07-29T22:16:28.292] [DEBUG] cheese - admin
[2021-07-29T22:16:28.295] [DEBUG] cheese - null
[2021-07-29T22:16:28.295] [DEBUG] cheese - null
